<?xml version="1.0" encoding="UTF-8"?>
<testng-results skipped="0" failed="0" total="2" passed="2">
  <reporter-output>
  </reporter-output>
  <suite name="Testingsuite" duration-ms="47703" started-at="2020-07-11T20:47:50Z" finished-at="2020-07-11T20:48:38Z">
    <groups>
    </groups>
    <test name="Covid test" duration-ms="47703" started-at="2020-07-11T20:47:50Z" finished-at="2020-07-11T20:48:38Z">
      <class name="covid.testng">
        <test-method status="PASS" signature="beforeTest()[pri:0, instance:covid.testng@357246de]" name="beforeTest" is-config="true" duration-ms="911" started-at="2020-07-12T02:17:50Z" finished-at="2020-07-12T02:17:51Z">
          <reporter-output>
          </reporter-output>
        </test-method> <!-- beforeTest -->
        <test-method status="PASS" signature="a_Test()[pri:0, instance:covid.testng@357246de]" name="a_Test" duration-ms="5046" started-at="2020-07-12T02:17:51Z" finished-at="2020-07-12T02:17:56Z">
          <reporter-output>
          </reporter-output>
        </test-method> <!-- a_Test -->
        <test-method status="PASS" signature="b_Test()[pri:1, instance:covid.testng@357246de]" name="b_Test" duration-ms="41735" started-at="2020-07-12T02:17:56Z" finished-at="2020-07-12T02:18:38Z">
          <reporter-output>
          </reporter-output>
        </test-method> <!-- b_Test -->
        <test-method status="PASS" signature="afterTest()[pri:0, instance:covid.testng@357246de]" name="afterTest" is-config="true" duration-ms="0" started-at="2020-07-12T02:18:38Z" finished-at="2020-07-12T02:18:38Z">
          <reporter-output>
          </reporter-output>
        </test-method> <!-- afterTest -->
      </class> <!-- covid.testng -->
    </test> <!-- Covid test -->
  </suite> <!-- Testingsuite -->
</testng-results>
