<?xml version="1.0" encoding="UTF-8"?>
<testng-results skipped="0" failed="0" total="2" passed="2">
  <reporter-output>
  </reporter-output>
  <suite name="Testingsuite" duration-ms="49609" started-at="2020-07-12T05:44:38Z" finished-at="2020-07-12T05:45:28Z">
    <groups>
    </groups>
    <test name="Covid test" duration-ms="49609" started-at="2020-07-12T05:44:38Z" finished-at="2020-07-12T05:45:28Z">
      <class name="covid.testng">
        <test-method status="PASS" signature="beforeTest()[pri:0, instance:covid.testng@357246de]" name="beforeTest" is-config="true" duration-ms="677" started-at="2020-07-12T11:14:38Z" finished-at="2020-07-12T11:14:39Z">
          <reporter-output>
          </reporter-output>
        </test-method> <!-- beforeTest -->
        <test-method status="PASS" signature="a_Test()[pri:0, instance:covid.testng@357246de]" name="a_Test" duration-ms="4989" started-at="2020-07-12T11:14:39Z" finished-at="2020-07-12T11:14:44Z">
          <reporter-output>
          </reporter-output>
        </test-method> <!-- a_Test -->
        <test-method status="PASS" signature="b_Test()[pri:1, instance:covid.testng@357246de]" name="b_Test" duration-ms="43934" started-at="2020-07-12T11:14:44Z" finished-at="2020-07-12T11:15:28Z">
          <reporter-output>
          </reporter-output>
        </test-method> <!-- b_Test -->
        <test-method status="PASS" signature="afterTest()[pri:0, instance:covid.testng@357246de]" name="afterTest" is-config="true" duration-ms="1" started-at="2020-07-12T11:15:28Z" finished-at="2020-07-12T11:15:28Z">
          <reporter-output>
          </reporter-output>
        </test-method> <!-- afterTest -->
      </class> <!-- covid.testng -->
    </test> <!-- Covid test -->
  </suite> <!-- Testingsuite -->
</testng-results>
